d:\大学\c++\面向对象\2022秋\小组01\video hub_v0.9.0\video hub\x64\debug\vide hub.pch
d:\大学\c++\面向对象\2022秋\小组01\video hub_v0.9.0\video hub\x64\debug\vc143.pdb
d:\大学\c++\面向对象\2022秋\小组01\video hub_v0.9.0\video hub\x64\debug\vc143.idb
d:\大学\c++\面向对象\2022秋\小组01\video hub_v0.9.0\video hub\x64\debug\stdafx.obj
d:\大学\c++\面向对象\2022秋\小组01\video hub_v0.9.0\video hub\x64\debug\video_hub_dlg.obj
d:\大学\c++\面向对象\2022秋\小组01\video hub_v0.9.0\video hub\x64\debug\video_hub_app.obj
d:\大学\c++\面向对象\2022秋\小组01\video hub_v0.9.0\video hub\x64\debug\stdlate.obj
d:\大学\c++\面向对象\2022秋\小组01\video hub_v0.9.0\video hub\x64\debug\cvideodlg.obj
d:\大学\c++\面向对象\2022秋\小组01\video hub_v0.9.0\video hub\x64\debug\cuserdlg.obj
d:\大学\c++\面向对象\2022秋\小组01\video hub_v0.9.0\video hub\x64\debug\csearchdlg.obj
d:\大学\c++\面向对象\2022秋\小组01\video hub_v0.9.0\video hub\x64\debug\claunchdlg.obj
d:\大学\c++\面向对象\2022秋\小组01\video hub_v0.9.0\video hub\x64\debug\clogindlg.obj
d:\大学\c++\面向对象\2022秋\小组01\video hub_v0.9.0\video hub\x64\debug\cregisterdlg.obj
d:\大学\c++\面向对象\2022秋\小组01\video hub_v0.9.0\video hub\x64\debug\vide hub.ilk
d:\大学\c++\面向对象\2022秋\小组01\video hub_v0.9.0\x64\debug\vide hub.exe
d:\大学\c++\面向对象\2022秋\小组01\video hub_v0.9.0\x64\debug\vide hub.pdb
d:\大学\c++\面向对象\2022秋\小组01\video hub_v0.9.0\video hub\x64\debug\video hub.res
d:\大学\c++\面向对象\2022秋\小组01\video hub_v0.9.0\video hub\x64\debug\vide hub.tlog\cl.command.1.tlog
d:\大学\c++\面向对象\2022秋\小组01\video hub_v0.9.0\video hub\x64\debug\vide hub.tlog\cl.read.1.tlog
d:\大学\c++\面向对象\2022秋\小组01\video hub_v0.9.0\video hub\x64\debug\vide hub.tlog\cl.write.1.tlog
d:\大学\c++\面向对象\2022秋\小组01\video hub_v0.9.0\video hub\x64\debug\vide hub.tlog\link.command.1.tlog
d:\大学\c++\面向对象\2022秋\小组01\video hub_v0.9.0\video hub\x64\debug\vide hub.tlog\link.read.1.tlog
d:\大学\c++\面向对象\2022秋\小组01\video hub_v0.9.0\video hub\x64\debug\vide hub.tlog\link.write.1.tlog
d:\大学\c++\面向对象\2022秋\小组01\video hub_v0.9.0\video hub\x64\debug\vide hub.tlog\rc.command.1.tlog
d:\大学\c++\面向对象\2022秋\小组01\video hub_v0.9.0\video hub\x64\debug\vide hub.tlog\rc.read.1.tlog
d:\大学\c++\面向对象\2022秋\小组01\video hub_v0.9.0\video hub\x64\debug\vide hub.tlog\rc.write.1.tlog
